  Using 'git status' to determine working set for adaptive non-unity build (C:\Users\Olle\Documents\PROJ_Grupp2).
UnrealBuildTool : warning : Couldn't parse '<<<<<<< HEAD' in UnrealBuildTool.ConfigFileSection of C:\Users\Olle\Documents\PROJ_Grupp2\HideNSneakUnreal\Config\DefaultEngine.ini
UnrealBuildTool : warning : Couldn't parse '=======' in UnrealBuildTool.ConfigFileSection of C:\Users\Olle\Documents\PROJ_Grupp2\HideNSneakUnreal\Config\DefaultEngine.ini
UnrealBuildTool : warning : Couldn't parse '>>>>>>> 42f0643de269f3f43e79bd4fa738a91aec78cd07' in UnrealBuildTool.ConfigFileSection of C:\Users\Olle\Documents\PROJ_Grupp2\HideNSneakUnreal\Config\DefaultEngine.ini
UnrealBuildTool : warning : Couldn't parse '<<<<<<< HEAD' in UnrealBuildTool.ConfigFileSection of C:\Users\Olle\Documents\PROJ_Grupp2\HideNSneakUnreal\Config\DefaultEngine.ini
UnrealBuildTool : warning : Couldn't parse '=======' in UnrealBuildTool.ConfigFileSection of C:\Users\Olle\Documents\PROJ_Grupp2\HideNSneakUnreal\Config\DefaultEngine.ini
UnrealBuildTool : warning : Couldn't parse '>>>>>>> 42f0643de269f3f43e79bd4fa738a91aec78cd07' in UnrealBuildTool.ConfigFileSection of C:\Users\Olle\Documents\PROJ_Grupp2\HideNSneakUnreal\Config\DefaultEngine.ini
  Parsing headers for HideNSneakUnrealEditor
    Running UnrealHeaderTool "C:\Users\Olle\Documents\PROJ_Grupp2\HideNSneakUnreal\HideNSneakUnreal.uproject" "C:\Users\Olle\Documents\PROJ_Grupp2\HideNSneakUnreal\Intermediate\Build\Win64\HideNSneakUnrealEditor\Development\HideNSneakUnrealEditor.uhtmanifest" -LogCmds="loginit warning, logexit warning, logdatabase error" -Unattended -WarningsAsErrors -abslog="C:\Users\Olle\AppData\Local\UnrealBuildTool\Log_UHT.txt" -installed
  Reflection code generated for HideNSneakUnrealEditor in 15,1866856 seconds
  Building HideNSneakUnrealEditor...
  Using Visual Studio 2019 14.27.29112 toolchain (C:\Program Files (x86)\Microsoft Visual Studio\2019\Community\VC\Tools\MSVC\14.27.29110) and Windows 10.0.17763.0 SDK (C:\Program Files (x86)\Windows Kits\10).
  Building 8 actions with 4 processes...
    [1/8] RandomizeSeeker.gen.cpp
    [2/8] HideNSneakUnreal.init.gen.cpp
    [3/8] HideNSneakCPPCharacter.gen.cpp
    [4/8] RandomizeSeeker.cpp
    [5/8] HideNSneakCPPCharacter.cpp
    [6/8] UE4Editor-HideNSneakUnreal-0003.lib
       Creating library C:\Users\Olle\Documents\PROJ_Grupp2\HideNSneakUnreal\Intermediate\Build\Win64\UE4Editor\Development\HideNSneakUnreal\UE4Editor-HideNSneakUnreal-0003.lib and object C:\Users\Olle\Documents\PROJ_Grupp2\HideNSneakUnreal\Intermediate\Build\Win64\UE4Editor\Development\HideNSneakUnreal\UE4Editor-HideNSneakUnreal-0003.exp
    [7/8] UE4Editor-HideNSneakUnreal-0003.dll
       Creating library C:\Users\Olle\Documents\PROJ_Grupp2\HideNSneakUnreal\Intermediate\Build\Win64\UE4Editor\Development\HideNSneakUnreal\UE4Editor-HideNSneakUnreal-0003.suppressed.lib and object C:\Users\Olle\Documents\PROJ_Grupp2\HideNSneakUnreal\Intermediate\Build\Win64\UE4Editor\Development\HideNSneakUnreal\UE4Editor-HideNSneakUnreal-0003.suppressed.exp
RandomizeSeeker.gen.cpp.obj : error LNK2019: unresolved external symbol "public: static bool __cdecl ARandomizeSeeker::RandomFunc(class UObject *)" (?RandomFunc@ARandomizeSeeker@@SA_NPEAVUObject@@@Z) referenced in function "public: static void __cdecl ARandomizeSeeker::execRandomFunc(class UObject *,struct FFrame &,void * const)" (?execRandomFunc@ARandomizeSeeker@@SAXPEAVUObject@@AEAUFFrame@@QEAX@Z)
C:\Users\Olle\Documents\PROJ_Grupp2\HideNSneakUnreal\Binaries\Win64\UE4Editor-HideNSneakUnreal-0003.dll : fatal error LNK1120: 1 unresolved externals
C:\Program Files (x86)\Microsoft Visual Studio\2019\Community\MSBuild\Microsoft\VC\v160\Microsoft.MakeFile.Targets(46,5): error MSB3073: The command "C:\WINDOWS\System32\chcp.com 65001 >NUL 
C:\Program Files (x86)\Microsoft Visual Studio\2019\Community\MSBuild\Microsoft\VC\v160\Microsoft.MakeFile.Targets(46,5): error MSB3073:  "C:\Program Files\Epic Games\UE_4.25\Engine\Build\BatchFiles\Build.bat" HideNSneakUnrealEditor Win64 Development -Project="C:\Users\Olle\Documents\PROJ_Grupp2\HideNSneakUnreal\HideNSneakUnreal.uproject" -WaitMutex -FromMsBuild" exited with code 6.
